{"C:\\Users\\jjrui\\Desktop\\ByteSpace_4\\server\\ByteSpaceBackend\\controladores\\controlador.espacios.js": {"path":"C:\\Users\\jjrui\\Desktop\\ByteSpace_4\\server\\ByteSpaceBackend\\controladores\\controlador.espacios.js","statementMap":{"0":{"start":{"line":1,"column":22},"end":{"line":1,"column":61}},"1":{"start":{"line":2,"column":22},"end":{"line":2,"column":61}},"2":{"start":{"line":3,"column":22},"end":{"line":3,"column":61}},"3":{"start":{"line":6,"column":4},"end":{"line":13,"column":5}},"4":{"start":{"line":8,"column":25},"end":{"line":8,"column":71}},"5":{"start":{"line":9,"column":8},"end":{"line":9,"column":39}},"6":{"start":{"line":11,"column":8},"end":{"line":11,"column":82}},"7":{"start":{"line":12,"column":8},"end":{"line":12,"column":92}},"8":{"start":{"line":18,"column":4},"end":{"line":31,"column":5}},"9":{"start":{"line":19,"column":23},"end":{"line":19,"column":33}},"10":{"start":{"line":21,"column":24},"end":{"line":21,"column":60}},"11":{"start":{"line":23,"column":8},"end":{"line":25,"column":9}},"12":{"start":{"line":24,"column":12},"end":{"line":24,"column":76}},"13":{"start":{"line":27,"column":8},"end":{"line":27,"column":38}},"14":{"start":{"line":29,"column":8},"end":{"line":29,"column":61}},"15":{"start":{"line":30,"column":8},"end":{"line":30,"column":71}},"16":{"start":{"line":35,"column":4},"end":{"line":60,"column":5}},"17":{"start":{"line":37,"column":53},"end":{"line":37,"column":62}},"18":{"start":{"line":38,"column":22},"end":{"line":38,"column":24}},"19":{"start":{"line":40,"column":8},"end":{"line":52,"column":9}},"20":{"start":{"line":41,"column":12},"end":{"line":41,"column":26}},"21":{"start":{"line":43,"column":12},"end":{"line":45,"column":13}},"22":{"start":{"line":44,"column":16},"end":{"line":44,"column":44}},"23":{"start":{"line":46,"column":12},"end":{"line":48,"column":13}},"24":{"start":{"line":47,"column":16},"end":{"line":47,"column":52}},"25":{"start":{"line":49,"column":12},"end":{"line":51,"column":13}},"26":{"start":{"line":50,"column":16},"end":{"line":50,"column":70}},"27":{"start":{"line":54,"column":34},"end":{"line":54,"column":65}},"28":{"start":{"line":56,"column":8},"end":{"line":56,"column":48}},"29":{"start":{"line":58,"column":8},"end":{"line":58,"column":63}},"30":{"start":{"line":59,"column":8},"end":{"line":59,"column":73}},"31":{"start":{"line":64,"column":4},"end":{"line":127,"column":5}},"32":{"start":{"line":65,"column":70},"end":{"line":65,"column":78}},"33":{"start":{"line":66,"column":23},"end":{"line":66,"column":33}},"34":{"start":{"line":67,"column":24},"end":{"line":67,"column":70}},"35":{"start":{"line":68,"column":24},"end":{"line":68,"column":63}},"36":{"start":{"line":70,"column":8},"end":{"line":73,"column":9}},"37":{"start":{"line":71,"column":12},"end":{"line":71,"column":79}},"38":{"start":{"line":72,"column":12},"end":{"line":72,"column":19}},"39":{"start":{"line":75,"column":8},"end":{"line":78,"column":9}},"40":{"start":{"line":76,"column":12},"end":{"line":76,"column":121}},"41":{"start":{"line":77,"column":12},"end":{"line":77,"column":19}},"42":{"start":{"line":80,"column":28},"end":{"line":80,"column":43}},"43":{"start":{"line":82,"column":25},"end":{"line":88,"column":10}},"44":{"start":{"line":90,"column":8},"end":{"line":93,"column":9}},"45":{"start":{"line":91,"column":12},"end":{"line":91,"column":103}},"46":{"start":{"line":92,"column":12},"end":{"line":92,"column":19}},"47":{"start":{"line":95,"column":8},"end":{"line":99,"column":9}},"48":{"start":{"line":96,"column":12},"end":{"line":96,"column":116}},"49":{"start":{"line":97,"column":12},"end":{"line":97,"column":105}},"50":{"start":{"line":98,"column":12},"end":{"line":98,"column":19}},"51":{"start":{"line":101,"column":8},"end":{"line":106,"column":9}},"52":{"start":{"line":103,"column":12},"end":{"line":103,"column":116}},"53":{"start":{"line":104,"column":12},"end":{"line":104,"column":126}},"54":{"start":{"line":105,"column":12},"end":{"line":105,"column":19}},"55":{"start":{"line":108,"column":8},"end":{"line":112,"column":9}},"56":{"start":{"line":109,"column":12},"end":{"line":109,"column":116}},"57":{"start":{"line":110,"column":12},"end":{"line":110,"column":123}},"58":{"start":{"line":111,"column":12},"end":{"line":111,"column":19}},"59":{"start":{"line":114,"column":8},"end":{"line":120,"column":9}},"60":{"start":{"line":117,"column":12},"end":{"line":117,"column":116}},"61":{"start":{"line":118,"column":12},"end":{"line":118,"column":126}},"62":{"start":{"line":119,"column":12},"end":{"line":119,"column":19}},"63":{"start":{"line":122,"column":8},"end":{"line":122,"column":96}},"64":{"start":{"line":123,"column":8},"end":{"line":123,"column":70}},"65":{"start":{"line":125,"column":8},"end":{"line":125,"column":59}},"66":{"start":{"line":126,"column":8},"end":{"line":126,"column":69}},"67":{"start":{"line":131,"column":25},"end":{"line":141,"column":6}},"68":{"start":{"line":142,"column":4},"end":{"line":142,"column":30}},"69":{"start":{"line":146,"column":25},"end":{"line":156,"column":6}},"70":{"start":{"line":157,"column":4},"end":{"line":157,"column":30}},"71":{"start":{"line":161,"column":4},"end":{"line":161,"column":77}},"72":{"start":{"line":165,"column":4},"end":{"line":211,"column":5}},"73":{"start":{"line":166,"column":39},"end":{"line":166,"column":47}},"74":{"start":{"line":169,"column":32},"end":{"line":169,"column":71}},"75":{"start":{"line":171,"column":8},"end":{"line":173,"column":9}},"76":{"start":{"line":172,"column":12},"end":{"line":172,"column":76}},"77":{"start":{"line":176,"column":32},"end":{"line":176,"column":95}},"78":{"start":{"line":179,"column":8},"end":{"line":183,"column":11}},"79":{"start":{"line":180,"column":12},"end":{"line":182,"column":13}},"80":{"start":{"line":181,"column":16},"end":{"line":181,"column":56}},"81":{"start":{"line":186,"column":31},"end":{"line":186,"column":59}},"82":{"start":{"line":189,"column":8},"end":{"line":204,"column":9}},"83":{"start":{"line":190,"column":32},"end":{"line":190,"column":100}},"84":{"start":{"line":191,"column":12},"end":{"line":191,"column":72}},"85":{"start":{"line":194,"column":29},"end":{"line":194,"column":72}},"86":{"start":{"line":197,"column":12},"end":{"line":203,"column":15}},"87":{"start":{"line":198,"column":16},"end":{"line":202,"column":17}},"88":{"start":{"line":199,"column":20},"end":{"line":199,"column":53}},"89":{"start":{"line":200,"column":20},"end":{"line":200,"column":41}},"90":{"start":{"line":201,"column":20},"end":{"line":201,"column":95}},"91":{"start":{"line":206,"column":8},"end":{"line":206,"column":36}},"92":{"start":{"line":207,"column":8},"end":{"line":207,"column":45}},"93":{"start":{"line":209,"column":8},"end":{"line":209,"column":64}},"94":{"start":{"line":210,"column":8},"end":{"line":210,"column":74}},"95":{"start":{"line":215,"column":0},"end":{"line":221,"column":2}}},"fnMap":{"0":{"name":"obtenerEspaciosReservables","decl":{"start":{"line":5,"column":15},"end":{"line":5,"column":41}},"loc":{"start":{"line":5,"column":52},"end":{"line":14,"column":1}},"line":5},"1":{"name":"obtenerEspacioPorId","decl":{"start":{"line":17,"column":15},"end":{"line":17,"column":34}},"loc":{"start":{"line":17,"column":45},"end":{"line":32,"column":1}},"line":17},"2":{"name":"filtrarEspacios","decl":{"start":{"line":34,"column":15},"end":{"line":34,"column":30}},"loc":{"start":{"line":34,"column":41},"end":{"line":61,"column":1}},"line":34},"3":{"name":"crearReserva","decl":{"start":{"line":63,"column":15},"end":{"line":63,"column":27}},"loc":{"start":{"line":63,"column":38},"end":{"line":128,"column":1}},"line":63},"4":{"name":"guardarReservaPotencialmenteInvalida","decl":{"start":{"line":130,"column":15},"end":{"line":130,"column":51}},"loc":{"start":{"line":130,"column":120},"end":{"line":143,"column":1}},"line":130},"5":{"name":"guardarReservaValida","decl":{"start":{"line":145,"column":15},"end":{"line":145,"column":35}},"loc":{"start":{"line":145,"column":104},"end":{"line":158,"column":1}},"line":145},"6":{"name":"generarIdUnico","decl":{"start":{"line":160,"column":9},"end":{"line":160,"column":23}},"loc":{"start":{"line":160,"column":26},"end":{"line":162,"column":1}},"line":160},"7":{"name":"actualizarEspacio","decl":{"start":{"line":164,"column":15},"end":{"line":164,"column":32}},"loc":{"start":{"line":164,"column":43},"end":{"line":212,"column":1}},"line":164},"8":{"name":"(anonymous_8)","decl":{"start":{"line":179,"column":32},"end":{"line":179,"column":33}},"loc":{"start":{"line":179,"column":39},"end":{"line":183,"column":9}},"line":179},"9":{"name":"(anonymous_9)","decl":{"start":{"line":197,"column":29},"end":{"line":197,"column":30}},"loc":{"start":{"line":197,"column":48},"end":{"line":203,"column":13}},"line":197}},"branchMap":{"0":{"loc":{"start":{"line":23,"column":8},"end":{"line":25,"column":9}},"type":"if","locations":[{"start":{"line":23,"column":8},"end":{"line":25,"column":9}},{"start":{},"end":{}}],"line":23},"1":{"loc":{"start":{"line":40,"column":8},"end":{"line":52,"column":9}},"type":"if","locations":[{"start":{"line":40,"column":8},"end":{"line":52,"column":9}},{"start":{"line":42,"column":15},"end":{"line":52,"column":9}}],"line":40},"2":{"loc":{"start":{"line":43,"column":12},"end":{"line":45,"column":13}},"type":"if","locations":[{"start":{"line":43,"column":12},"end":{"line":45,"column":13}},{"start":{},"end":{}}],"line":43},"3":{"loc":{"start":{"line":46,"column":12},"end":{"line":48,"column":13}},"type":"if","locations":[{"start":{"line":46,"column":12},"end":{"line":48,"column":13}},{"start":{},"end":{}}],"line":46},"4":{"loc":{"start":{"line":49,"column":12},"end":{"line":51,"column":13}},"type":"if","locations":[{"start":{"line":49,"column":12},"end":{"line":51,"column":13}},{"start":{},"end":{}}],"line":49},"5":{"loc":{"start":{"line":70,"column":8},"end":{"line":73,"column":9}},"type":"if","locations":[{"start":{"line":70,"column":8},"end":{"line":73,"column":9}},{"start":{},"end":{}}],"line":70},"6":{"loc":{"start":{"line":70,"column":12},"end":{"line":70,"column":32}},"type":"binary-expr","locations":[{"start":{"line":70,"column":12},"end":{"line":70,"column":20}},{"start":{"line":70,"column":24},"end":{"line":70,"column":32}}],"line":70},"7":{"loc":{"start":{"line":75,"column":8},"end":{"line":78,"column":9}},"type":"if","locations":[{"start":{"line":75,"column":8},"end":{"line":78,"column":9}},{"start":{},"end":{}}],"line":75},"8":{"loc":{"start":{"line":90,"column":8},"end":{"line":93,"column":9}},"type":"if","locations":[{"start":{"line":90,"column":8},"end":{"line":93,"column":9}},{"start":{},"end":{}}],"line":90},"9":{"loc":{"start":{"line":95,"column":8},"end":{"line":99,"column":9}},"type":"if","locations":[{"start":{"line":95,"column":8},"end":{"line":99,"column":9}},{"start":{},"end":{}}],"line":95},"10":{"loc":{"start":{"line":95,"column":12},"end":{"line":95,"column":77}},"type":"binary-expr","locations":[{"start":{"line":95,"column":12},"end":{"line":95,"column":40}},{"start":{"line":95,"column":44},"end":{"line":95,"column":77}}],"line":95},"11":{"loc":{"start":{"line":101,"column":8},"end":{"line":106,"column":9}},"type":"if","locations":[{"start":{"line":101,"column":8},"end":{"line":106,"column":9}},{"start":{},"end":{}}],"line":101},"12":{"loc":{"start":{"line":101,"column":12},"end":{"line":102,"column":132}},"type":"binary-expr","locations":[{"start":{"line":101,"column":13},"end":{"line":101,"column":54}},{"start":{"line":101,"column":58},"end":{"line":101,"column":96}},{"start":{"line":102,"column":13},"end":{"line":102,"column":45}},{"start":{"line":102,"column":50},"end":{"line":102,"column":95}},{"start":{"line":102,"column":99},"end":{"line":102,"column":130}}],"line":101},"13":{"loc":{"start":{"line":108,"column":8},"end":{"line":112,"column":9}},"type":"if","locations":[{"start":{"line":108,"column":8},"end":{"line":112,"column":9}},{"start":{},"end":{}}],"line":108},"14":{"loc":{"start":{"line":108,"column":12},"end":{"line":108,"column":74}},"type":"binary-expr","locations":[{"start":{"line":108,"column":12},"end":{"line":108,"column":38}},{"start":{"line":108,"column":42},"end":{"line":108,"column":74}}],"line":108},"15":{"loc":{"start":{"line":114,"column":8},"end":{"line":120,"column":9}},"type":"if","locations":[{"start":{"line":114,"column":8},"end":{"line":120,"column":9}},{"start":{},"end":{}}],"line":114},"16":{"loc":{"start":{"line":114,"column":12},"end":{"line":116,"column":95}},"type":"binary-expr","locations":[{"start":{"line":114,"column":12},"end":{"line":114,"column":52}},{"start":{"line":115,"column":13},"end":{"line":115,"column":46}},{"start":{"line":115,"column":50},"end":{"line":115,"column":85}},{"start":{"line":116,"column":13},"end":{"line":116,"column":58}},{"start":{"line":116,"column":62},"end":{"line":116,"column":93}}],"line":114},"17":{"loc":{"start":{"line":171,"column":8},"end":{"line":173,"column":9}},"type":"if","locations":[{"start":{"line":171,"column":8},"end":{"line":173,"column":9}},{"start":{},"end":{}}],"line":171},"18":{"loc":{"start":{"line":180,"column":12},"end":{"line":182,"column":13}},"type":"if","locations":[{"start":{"line":180,"column":12},"end":{"line":182,"column":13}},{"start":{},"end":{}}],"line":180},"19":{"loc":{"start":{"line":189,"column":8},"end":{"line":204,"column":9}},"type":"if","locations":[{"start":{"line":189,"column":8},"end":{"line":204,"column":9}},{"start":{},"end":{}}],"line":189},"20":{"loc":{"start":{"line":198,"column":16},"end":{"line":202,"column":17}},"type":"if","locations":[{"start":{"line":198,"column":16},"end":{"line":202,"column":17}},{"start":{},"end":{}}],"line":198}},"s":{"0":3,"1":3,"2":3,"3":2,"4":2,"5":1,"6":1,"7":1,"8":2,"9":2,"10":2,"11":1,"12":0,"13":1,"14":1,"15":1,"16":2,"17":2,"18":2,"19":2,"20":1,"21":1,"22":1,"23":1,"24":1,"25":1,"26":1,"27":2,"28":1,"29":1,"30":1,"31":0,"32":0,"33":0,"34":0,"35":0,"36":0,"37":0,"38":0,"39":0,"40":0,"41":0,"42":0,"43":0,"44":0,"45":0,"46":0,"47":0,"48":0,"49":0,"50":0,"51":0,"52":0,"53":0,"54":0,"55":0,"56":0,"57":0,"58":0,"59":0,"60":0,"61":0,"62":0,"63":0,"64":0,"65":0,"66":0,"67":0,"68":0,"69":0,"70":0,"71":0,"72":0,"73":0,"74":0,"75":0,"76":0,"77":0,"78":0,"79":0,"80":0,"81":0,"82":0,"83":0,"84":0,"85":0,"86":0,"87":0,"88":0,"89":0,"90":0,"91":0,"92":0,"93":0,"94":0,"95":3},"f":{"0":2,"1":2,"2":2,"3":0,"4":0,"5":0,"6":0,"7":0,"8":0,"9":0},"b":{"0":[0,1],"1":[1,1],"2":[1,0],"3":[1,0],"4":[1,0],"5":[0,0],"6":[0,0],"7":[0,0],"8":[0,0],"9":[0,0],"10":[0,0],"11":[0,0],"12":[0,0,0,0,0],"13":[0,0],"14":[0,0],"15":[0,0],"16":[0,0,0,0,0],"17":[0,0],"18":[0,0],"19":[0,0],"20":[0,0]},"_coverageSchema":"1a1c01bbd47fc00a2c39e90264f33305004495a9","hash":"75b6f32e991ed326d018d1cdc15529ad22f978bd"}
,"C:\\Users\\jjrui\\Desktop\\ByteSpace_4\\server\\ByteSpaceBackend\\controladores\\controlador.reservas.js": {"path":"C:\\Users\\jjrui\\Desktop\\ByteSpace_4\\server\\ByteSpaceBackend\\controladores\\controlador.reservas.js","statementMap":{"0":{"start":{"line":1,"column":21},"end":{"line":1,"column":57}},"1":{"start":{"line":2,"column":18},"end":{"line":2,"column":54}},"2":{"start":{"line":5,"column":8},"end":{"line":20,"column":9}},"3":{"start":{"line":6,"column":27},"end":{"line":6,"column":40}},"4":{"start":{"line":8,"column":28},"end":{"line":8,"column":67}},"5":{"start":{"line":9,"column":12},"end":{"line":11,"column":13}},"6":{"start":{"line":10,"column":16},"end":{"line":10,"column":82}},"7":{"start":{"line":14,"column":29},"end":{"line":14,"column":79}},"8":{"start":{"line":16,"column":12},"end":{"line":16,"column":50}},"9":{"start":{"line":18,"column":12},"end":{"line":18,"column":79}},"10":{"start":{"line":19,"column":12},"end":{"line":19,"column":83}},"11":{"start":{"line":24,"column":8},"end":{"line":31,"column":9}},"12":{"start":{"line":25,"column":29},"end":{"line":25,"column":54}},"13":{"start":{"line":27,"column":12},"end":{"line":27,"column":50}},"14":{"start":{"line":29,"column":12},"end":{"line":29,"column":77}},"15":{"start":{"line":30,"column":12},"end":{"line":30,"column":83}},"16":{"start":{"line":35,"column":8},"end":{"line":50,"column":9}},"17":{"start":{"line":36,"column":30},"end":{"line":36,"column":43}},"18":{"start":{"line":39,"column":28},"end":{"line":39,"column":72}},"19":{"start":{"line":40,"column":12},"end":{"line":42,"column":13}},"20":{"start":{"line":41,"column":16},"end":{"line":41,"column":82}},"21":{"start":{"line":45,"column":12},"end":{"line":45,"column":66}},"22":{"start":{"line":46,"column":12},"end":{"line":46,"column":51}},"23":{"start":{"line":48,"column":12},"end":{"line":48,"column":66}},"24":{"start":{"line":49,"column":12},"end":{"line":49,"column":83}},"25":{"start":{"line":54,"column":8},"end":{"line":71,"column":9}},"26":{"start":{"line":55,"column":30},"end":{"line":55,"column":43}},"27":{"start":{"line":58,"column":28},"end":{"line":58,"column":73}},"28":{"start":{"line":59,"column":12},"end":{"line":61,"column":13}},"29":{"start":{"line":60,"column":16},"end":{"line":60,"column":82}},"30":{"start":{"line":64,"column":12},"end":{"line":64,"column":97}},"31":{"start":{"line":67,"column":12},"end":{"line":67,"column":82}},"32":{"start":{"line":69,"column":12},"end":{"line":69,"column":65}},"33":{"start":{"line":70,"column":12},"end":{"line":70,"column":83}},"34":{"start":{"line":74,"column":0},"end":{"line":79,"column":2}}},"fnMap":{"0":{"name":"getReservasByUserId","decl":{"start":{"line":4,"column":19},"end":{"line":4,"column":38}},"loc":{"start":{"line":4,"column":49},"end":{"line":21,"column":5}},"line":4},"1":{"name":"getReservasAdmin","decl":{"start":{"line":23,"column":19},"end":{"line":23,"column":35}},"loc":{"start":{"line":23,"column":46},"end":{"line":32,"column":5}},"line":23},"2":{"name":"cancelReserva","decl":{"start":{"line":34,"column":19},"end":{"line":34,"column":32}},"loc":{"start":{"line":34,"column":43},"end":{"line":51,"column":5}},"line":34},"3":{"name":"acceptReserva","decl":{"start":{"line":53,"column":19},"end":{"line":53,"column":32}},"loc":{"start":{"line":53,"column":43},"end":{"line":72,"column":5}},"line":53}},"branchMap":{"0":{"loc":{"start":{"line":9,"column":12},"end":{"line":11,"column":13}},"type":"if","locations":[{"start":{"line":9,"column":12},"end":{"line":11,"column":13}},{"start":{},"end":{}}],"line":9},"1":{"loc":{"start":{"line":40,"column":12},"end":{"line":42,"column":13}},"type":"if","locations":[{"start":{"line":40,"column":12},"end":{"line":42,"column":13}},{"start":{},"end":{}}],"line":40},"2":{"loc":{"start":{"line":59,"column":12},"end":{"line":61,"column":13}},"type":"if","locations":[{"start":{"line":59,"column":12},"end":{"line":61,"column":13}},{"start":{},"end":{}}],"line":59}},"s":{"0":4,"1":4,"2":3,"3":3,"4":3,"5":2,"6":1,"7":1,"8":1,"9":1,"10":1,"11":2,"12":2,"13":1,"14":1,"15":1,"16":3,"17":3,"18":3,"19":2,"20":1,"21":1,"22":1,"23":1,"24":1,"25":1,"26":1,"27":1,"28":1,"29":0,"30":1,"31":1,"32":0,"33":0,"34":4},"f":{"0":3,"1":2,"2":3,"3":1},"b":{"0":[1,1],"1":[1,1],"2":[0,1]},"_coverageSchema":"1a1c01bbd47fc00a2c39e90264f33305004495a9","hash":"92cae082ff9e98fe15c523f72d6e9bd2b10aaff2"}
,"C:\\Users\\jjrui\\Desktop\\ByteSpace_4\\server\\ByteSpaceBackend\\controladores\\controlador.usuario.js": {"path":"C:\\Users\\jjrui\\Desktop\\ByteSpace_4\\server\\ByteSpaceBackend\\controladores\\controlador.usuario.js","statementMap":{"0":{"start":{"line":1,"column":12},"end":{"line":1,"column":35}},"1":{"start":{"line":2,"column":16},"end":{"line":2,"column":52}},"2":{"start":{"line":5,"column":21},"end":{"line":9,"column":1}},"3":{"start":{"line":6,"column":2},"end":{"line":8,"column":4}},"4":{"start":{"line":13,"column":2},"end":{"line":54,"column":3}},"5":{"start":{"line":14,"column":35},"end":{"line":14,"column":43}},"6":{"start":{"line":18,"column":4},"end":{"line":20,"column":5}},"7":{"start":{"line":19,"column":6},"end":{"line":19,"column":65}},"8":{"start":{"line":23,"column":29},"end":{"line":23,"column":71}},"9":{"start":{"line":25,"column":4},"end":{"line":27,"column":5}},"10":{"start":{"line":26,"column":6},"end":{"line":26,"column":58}},"11":{"start":{"line":30,"column":4},"end":{"line":32,"column":5}},"12":{"start":{"line":31,"column":6},"end":{"line":31,"column":79}},"13":{"start":{"line":35,"column":21},"end":{"line":39,"column":5}},"14":{"start":{"line":42,"column":4},"end":{"line":49,"column":7}},"15":{"start":{"line":52,"column":4},"end":{"line":52,"column":51}},"16":{"start":{"line":53,"column":4},"end":{"line":53,"column":62}},"17":{"start":{"line":61,"column":2},"end":{"line":105,"column":3}},"18":{"start":{"line":62,"column":51},"end":{"line":62,"column":59}},"19":{"start":{"line":66,"column":4},"end":{"line":68,"column":5}},"20":{"start":{"line":67,"column":6},"end":{"line":67,"column":65}},"21":{"start":{"line":71,"column":20},"end":{"line":71,"column":52}},"22":{"start":{"line":73,"column":4},"end":{"line":75,"column":5}},"23":{"start":{"line":74,"column":6},"end":{"line":74,"column":58}},"24":{"start":{"line":78,"column":4},"end":{"line":90,"column":5}},"25":{"start":{"line":79,"column":6},"end":{"line":79,"column":29}},"26":{"start":{"line":80,"column":6},"end":{"line":80,"column":39}},"27":{"start":{"line":81,"column":11},"end":{"line":90,"column":5}},"28":{"start":{"line":83,"column":6},"end":{"line":85,"column":7}},"29":{"start":{"line":84,"column":8},"end":{"line":84,"column":74}},"30":{"start":{"line":86,"column":6},"end":{"line":86,"column":29}},"31":{"start":{"line":87,"column":6},"end":{"line":87,"column":47}},"32":{"start":{"line":89,"column":6},"end":{"line":89,"column":91}},"33":{"start":{"line":92,"column":4},"end":{"line":92,"column":25}},"34":{"start":{"line":95,"column":4},"end":{"line":100,"column":7}},"35":{"start":{"line":103,"column":4},"end":{"line":103,"column":51}},"36":{"start":{"line":104,"column":4},"end":{"line":104,"column":62}},"37":{"start":{"line":109,"column":0},"end":{"line":112,"column":2}}},"fnMap":{"0":{"name":"(anonymous_0)","decl":{"start":{"line":5,"column":21},"end":{"line":5,"column":22}},"loc":{"start":{"line":5,"column":32},"end":{"line":9,"column":1}},"line":5},"1":{"name":"iniciarSesion","decl":{"start":{"line":12,"column":15},"end":{"line":12,"column":28}},"loc":{"start":{"line":12,"column":39},"end":{"line":55,"column":1}},"line":12},"2":{"name":"cambiarRol","decl":{"start":{"line":60,"column":15},"end":{"line":60,"column":25}},"loc":{"start":{"line":60,"column":36},"end":{"line":106,"column":1}},"line":60}},"branchMap":{"0":{"loc":{"start":{"line":18,"column":4},"end":{"line":20,"column":5}},"type":"if","locations":[{"start":{"line":18,"column":4},"end":{"line":20,"column":5}},{"start":{},"end":{}}],"line":18},"1":{"loc":{"start":{"line":25,"column":4},"end":{"line":27,"column":5}},"type":"if","locations":[{"start":{"line":25,"column":4},"end":{"line":27,"column":5}},{"start":{},"end":{}}],"line":25},"2":{"loc":{"start":{"line":30,"column":4},"end":{"line":32,"column":5}},"type":"if","locations":[{"start":{"line":30,"column":4},"end":{"line":32,"column":5}},{"start":{},"end":{}}],"line":30},"3":{"loc":{"start":{"line":66,"column":4},"end":{"line":68,"column":5}},"type":"if","locations":[{"start":{"line":66,"column":4},"end":{"line":68,"column":5}},{"start":{},"end":{}}],"line":66},"4":{"loc":{"start":{"line":73,"column":4},"end":{"line":75,"column":5}},"type":"if","locations":[{"start":{"line":73,"column":4},"end":{"line":75,"column":5}},{"start":{},"end":{}}],"line":73},"5":{"loc":{"start":{"line":78,"column":4},"end":{"line":90,"column":5}},"type":"if","locations":[{"start":{"line":78,"column":4},"end":{"line":90,"column":5}},{"start":{"line":81,"column":11},"end":{"line":90,"column":5}}],"line":78},"6":{"loc":{"start":{"line":81,"column":11},"end":{"line":90,"column":5}},"type":"if","locations":[{"start":{"line":81,"column":11},"end":{"line":90,"column":5}},{"start":{"line":88,"column":11},"end":{"line":90,"column":5}}],"line":81},"7":{"loc":{"start":{"line":83,"column":6},"end":{"line":85,"column":7}},"type":"if","locations":[{"start":{"line":83,"column":6},"end":{"line":85,"column":7}},{"start":{},"end":{}}],"line":83},"8":{"loc":{"start":{"line":83,"column":10},"end":{"line":83,"column":95}},"type":"binary-expr","locations":[{"start":{"line":83,"column":10},"end":{"line":83,"column":45}},{"start":{"line":83,"column":49},"end":{"line":83,"column":95}}],"line":83}},"s":{"0":1,"1":1,"2":1,"3":5,"4":5,"5":5,"6":5,"7":1,"8":4,"9":3,"10":1,"11":2,"12":1,"13":1,"14":1,"15":1,"16":1,"17":0,"18":0,"19":0,"20":0,"21":0,"22":0,"23":0,"24":0,"25":0,"26":0,"27":0,"28":0,"29":0,"30":0,"31":0,"32":0,"33":0,"34":0,"35":0,"36":0,"37":1},"f":{"0":5,"1":5,"2":0},"b":{"0":[1,4],"1":[1,2],"2":[1,1],"3":[0,0],"4":[0,0],"5":[0,0],"6":[0,0],"7":[0,0],"8":[0,0]},"_coverageSchema":"1a1c01bbd47fc00a2c39e90264f33305004495a9","hash":"6aa1429c4e79af32062e3f6c3aeb0c9d40b86189"}
,"C:\\Users\\jjrui\\Desktop\\ByteSpace_4\\server\\ByteSpaceBackend\\modelos\\modelo.espacio.js": {"path":"C:\\Users\\jjrui\\Desktop\\ByteSpace_4\\server\\ByteSpaceBackend\\modelos\\modelo.espacio.js","statementMap":{"0":{"start":{"line":1,"column":17},"end":{"line":1,"column":36}},"1":{"start":{"line":3,"column":22},"end":{"line":42,"column":2}},"2":{"start":{"line":44,"column":22},"end":{"line":44,"column":62}},"3":{"start":{"line":46,"column":0},"end":{"line":46,"column":31}}},"fnMap":{},"branchMap":{},"s":{"0":3,"1":3,"2":3,"3":3},"f":{},"b":{},"_coverageSchema":"1a1c01bbd47fc00a2c39e90264f33305004495a9","hash":"95c40991a5468e90bad47310d2c08162421477ec"}
,"C:\\Users\\jjrui\\Desktop\\ByteSpace_4\\server\\ByteSpaceBackend\\modelos\\modelo.reserva.js": {"path":"C:\\Users\\jjrui\\Desktop\\ByteSpace_4\\server\\ByteSpaceBackend\\modelos\\modelo.reserva.js","statementMap":{"0":{"start":{"line":1,"column":17},"end":{"line":1,"column":36}},"1":{"start":{"line":3,"column":22},"end":{"line":43,"column":2}},"2":{"start":{"line":45,"column":22},"end":{"line":45,"column":62}},"3":{"start":{"line":47,"column":0},"end":{"line":47,"column":31}}},"fnMap":{},"branchMap":{},"s":{"0":7,"1":7,"2":7,"3":7},"f":{},"b":{},"_coverageSchema":"1a1c01bbd47fc00a2c39e90264f33305004495a9","hash":"002a143c310281055979f5a738d698bc1f8a3cee"}
,"C:\\Users\\jjrui\\Desktop\\ByteSpace_4\\server\\ByteSpaceBackend\\modelos\\modelo.usuario.js": {"path":"C:\\Users\\jjrui\\Desktop\\ByteSpace_4\\server\\ByteSpaceBackend\\modelos\\modelo.usuario.js","statementMap":{"0":{"start":{"line":1,"column":18},"end":{"line":1,"column":37}},"1":{"start":{"line":4,"column":4},"end":{"line":4,"column":156}},"2":{"start":{"line":5,"column":24},"end":{"line":37,"column":2}},"3":{"start":{"line":22,"column":27},"end":{"line":22,"column":63}},"4":{"start":{"line":40,"column":22},"end":{"line":40,"column":64}},"5":{"start":{"line":42,"column":0},"end":{"line":42,"column":30}}},"fnMap":{"0":{"name":"(anonymous_0)","decl":{"start":{"line":22,"column":21},"end":{"line":22,"column":22}},"loc":{"start":{"line":22,"column":27},"end":{"line":22,"column":63}},"line":22}},"branchMap":{},"s":{"0":8,"1":8,"2":8,"3":0,"4":8,"5":8},"f":{"0":0},"b":{},"_coverageSchema":"1a1c01bbd47fc00a2c39e90264f33305004495a9","hash":"4eb4a6bfc7a793b41bf7c39993df4770425b433a"}
}
