TN:
SF:controladores\controlador.espacios.js
FN:5,obtenerEspaciosReservables
FN:17,obtenerEspacioPorId
FN:34,filtrarEspacios
FN:63,crearReserva
FN:130,guardarReservaPotencialmenteInvalida
FN:145,guardarReservaValida
FN:160,generarIdUnico
FN:164,actualizarEspacio
FN:179,(anonymous_8)
FN:197,(anonymous_9)
FNF:10
FNH:3
FNDA:2,obtenerEspaciosReservables
FNDA:2,obtenerEspacioPorId
FNDA:2,filtrarEspacios
FNDA:0,crearReserva
FNDA:0,guardarReservaPotencialmenteInvalida
FNDA:0,guardarReservaValida
FNDA:0,generarIdUnico
FNDA:0,actualizarEspacio
FNDA:0,(anonymous_8)
FNDA:0,(anonymous_9)
DA:1,3
DA:2,3
DA:3,3
DA:6,2
DA:8,2
DA:9,1
DA:11,1
DA:12,1
DA:18,2
DA:19,2
DA:21,2
DA:23,1
DA:24,0
DA:27,1
DA:29,1
DA:30,1
DA:35,2
DA:37,2
DA:38,2
DA:40,2
DA:41,1
DA:43,1
DA:44,1
DA:46,1
DA:47,1
DA:49,1
DA:50,1
DA:54,2
DA:56,1
DA:58,1
DA:59,1
DA:64,0
DA:65,0
DA:66,0
DA:67,0
DA:68,0
DA:70,0
DA:71,0
DA:72,0
DA:75,0
DA:76,0
DA:77,0
DA:80,0
DA:82,0
DA:90,0
DA:91,0
DA:92,0
DA:95,0
DA:96,0
DA:97,0
DA:98,0
DA:101,0
DA:103,0
DA:104,0
DA:105,0
DA:108,0
DA:109,0
DA:110,0
DA:111,0
DA:114,0
DA:117,0
DA:118,0
DA:119,0
DA:122,0
DA:123,0
DA:125,0
DA:126,0
DA:131,0
DA:142,0
DA:146,0
DA:157,0
DA:161,0
DA:165,0
DA:166,0
DA:169,0
DA:171,0
DA:172,0
DA:176,0
DA:179,0
DA:180,0
DA:181,0
DA:186,0
DA:189,0
DA:190,0
DA:191,0
DA:194,0
DA:197,0
DA:198,0
DA:199,0
DA:200,0
DA:201,0
DA:206,0
DA:207,0
DA:209,0
DA:210,0
DA:215,3
LF:96
LH:31
BRDA:23,0,0,0
BRDA:23,0,1,1
BRDA:40,1,0,1
BRDA:40,1,1,1
BRDA:43,2,0,1
BRDA:43,2,1,0
BRDA:46,3,0,1
BRDA:46,3,1,0
BRDA:49,4,0,1
BRDA:49,4,1,0
BRDA:70,5,0,0
BRDA:70,5,1,0
BRDA:70,6,0,0
BRDA:70,6,1,0
BRDA:75,7,0,0
BRDA:75,7,1,0
BRDA:90,8,0,0
BRDA:90,8,1,0
BRDA:95,9,0,0
BRDA:95,9,1,0
BRDA:95,10,0,0
BRDA:95,10,1,0
BRDA:101,11,0,0
BRDA:101,11,1,0
BRDA:101,12,0,0
BRDA:101,12,1,0
BRDA:101,12,2,0
BRDA:101,12,3,0
BRDA:101,12,4,0
BRDA:108,13,0,0
BRDA:108,13,1,0
BRDA:108,14,0,0
BRDA:108,14,1,0
BRDA:114,15,0,0
BRDA:114,15,1,0
BRDA:114,16,0,0
BRDA:114,16,1,0
BRDA:114,16,2,0
BRDA:114,16,3,0
BRDA:114,16,4,0
BRDA:171,17,0,0
BRDA:171,17,1,0
BRDA:180,18,0,0
BRDA:180,18,1,0
BRDA:189,19,0,0
BRDA:189,19,1,0
BRDA:198,20,0,0
BRDA:198,20,1,0
BRF:48
BRH:6
end_of_record
TN:
SF:controladores\controlador.reservas.js
FN:4,getReservasByUserId
FN:23,getReservasAdmin
FN:34,cancelReserva
FN:53,acceptReserva
FNF:4
FNH:4
FNDA:3,getReservasByUserId
FNDA:2,getReservasAdmin
FNDA:3,cancelReserva
FNDA:1,acceptReserva
DA:1,4
DA:2,4
DA:5,3
DA:6,3
DA:8,3
DA:9,2
DA:10,1
DA:14,1
DA:16,1
DA:18,1
DA:19,1
DA:24,2
DA:25,2
DA:27,1
DA:29,1
DA:30,1
DA:35,3
DA:36,3
DA:39,3
DA:40,2
DA:41,1
DA:45,1
DA:46,1
DA:48,1
DA:49,1
DA:54,1
DA:55,1
DA:58,1
DA:59,1
DA:60,0
DA:64,1
DA:67,1
DA:69,0
DA:70,0
DA:74,4
LF:35
LH:32
BRDA:9,0,0,1
BRDA:9,0,1,1
BRDA:40,1,0,1
BRDA:40,1,1,1
BRDA:59,2,0,0
BRDA:59,2,1,1
BRF:6
BRH:5
end_of_record
TN:
SF:controladores\controlador.usuario.js
FN:5,(anonymous_0)
FN:12,iniciarSesion
FN:60,cambiarRol
FNF:3
FNH:2
FNDA:5,(anonymous_0)
FNDA:5,iniciarSesion
FNDA:0,cambiarRol
DA:1,1
DA:2,1
DA:5,1
DA:6,5
DA:13,5
DA:14,5
DA:18,5
DA:19,1
DA:23,4
DA:25,3
DA:26,1
DA:30,2
DA:31,1
DA:35,1
DA:42,1
DA:52,1
DA:53,1
DA:61,0
DA:62,0
DA:66,0
DA:67,0
DA:71,0
DA:73,0
DA:74,0
DA:78,0
DA:79,0
DA:80,0
DA:81,0
DA:83,0
DA:84,0
DA:86,0
DA:87,0
DA:89,0
DA:92,0
DA:95,0
DA:103,0
DA:104,0
DA:109,1
LF:38
LH:18
BRDA:18,0,0,1
BRDA:18,0,1,4
BRDA:25,1,0,1
BRDA:25,1,1,2
BRDA:30,2,0,1
BRDA:30,2,1,1
BRDA:66,3,0,0
BRDA:66,3,1,0
BRDA:73,4,0,0
BRDA:73,4,1,0
BRDA:78,5,0,0
BRDA:78,5,1,0
BRDA:81,6,0,0
BRDA:81,6,1,0
BRDA:83,7,0,0
BRDA:83,7,1,0
BRDA:83,8,0,0
BRDA:83,8,1,0
BRF:18
BRH:6
end_of_record
TN:
SF:modelos\modelo.espacio.js
FNF:0
FNH:0
DA:1,3
DA:3,3
DA:44,3
DA:46,3
LF:4
LH:4
BRF:0
BRH:0
end_of_record
TN:
SF:modelos\modelo.reserva.js
FNF:0
FNH:0
DA:1,7
DA:3,7
DA:45,7
DA:47,7
LF:4
LH:4
BRF:0
BRH:0
end_of_record
TN:
SF:modelos\modelo.usuario.js
FN:22,(anonymous_0)
FNF:1
FNH:0
FNDA:0,(anonymous_0)
DA:1,8
DA:4,8
DA:5,8
DA:22,0
DA:40,8
DA:42,8
LF:6
LH:5
BRF:0
BRH:0
end_of_record
