{"C:\\Users\\jjrui\\Desktop\\ByteSpace_4\\server\\ByteSpaceBackend\\controladores\\controlador.reservas.js": {"path":"C:\\Users\\jjrui\\Desktop\\ByteSpace_4\\server\\ByteSpaceBackend\\controladores\\controlador.reservas.js","statementMap":{"0":{"start":{"line":1,"column":21},"end":{"line":1,"column":57}},"1":{"start":{"line":2,"column":18},"end":{"line":2,"column":54}},"2":{"start":{"line":5,"column":8},"end":{"line":20,"column":9}},"3":{"start":{"line":6,"column":27},"end":{"line":6,"column":40}},"4":{"start":{"line":8,"column":28},"end":{"line":8,"column":67}},"5":{"start":{"line":9,"column":12},"end":{"line":11,"column":13}},"6":{"start":{"line":10,"column":16},"end":{"line":10,"column":82}},"7":{"start":{"line":14,"column":29},"end":{"line":14,"column":79}},"8":{"start":{"line":16,"column":12},"end":{"line":16,"column":50}},"9":{"start":{"line":18,"column":12},"end":{"line":18,"column":79}},"10":{"start":{"line":19,"column":12},"end":{"line":19,"column":83}},"11":{"start":{"line":24,"column":8},"end":{"line":31,"column":9}},"12":{"start":{"line":25,"column":29},"end":{"line":25,"column":54}},"13":{"start":{"line":27,"column":12},"end":{"line":27,"column":50}},"14":{"start":{"line":29,"column":12},"end":{"line":29,"column":77}},"15":{"start":{"line":30,"column":12},"end":{"line":30,"column":83}},"16":{"start":{"line":35,"column":8},"end":{"line":50,"column":9}},"17":{"start":{"line":36,"column":30},"end":{"line":36,"column":43}},"18":{"start":{"line":39,"column":28},"end":{"line":39,"column":72}},"19":{"start":{"line":40,"column":12},"end":{"line":42,"column":13}},"20":{"start":{"line":41,"column":16},"end":{"line":41,"column":82}},"21":{"start":{"line":45,"column":12},"end":{"line":45,"column":66}},"22":{"start":{"line":46,"column":12},"end":{"line":46,"column":51}},"23":{"start":{"line":48,"column":12},"end":{"line":48,"column":66}},"24":{"start":{"line":49,"column":12},"end":{"line":49,"column":83}},"25":{"start":{"line":54,"column":8},"end":{"line":71,"column":9}},"26":{"start":{"line":55,"column":30},"end":{"line":55,"column":43}},"27":{"start":{"line":58,"column":28},"end":{"line":58,"column":73}},"28":{"start":{"line":59,"column":12},"end":{"line":61,"column":13}},"29":{"start":{"line":60,"column":16},"end":{"line":60,"column":82}},"30":{"start":{"line":64,"column":12},"end":{"line":64,"column":97}},"31":{"start":{"line":67,"column":12},"end":{"line":67,"column":82}},"32":{"start":{"line":69,"column":12},"end":{"line":69,"column":65}},"33":{"start":{"line":70,"column":12},"end":{"line":70,"column":83}},"34":{"start":{"line":74,"column":0},"end":{"line":79,"column":2}}},"fnMap":{"0":{"name":"getReservasByUserId","decl":{"start":{"line":4,"column":19},"end":{"line":4,"column":38}},"loc":{"start":{"line":4,"column":49},"end":{"line":21,"column":5}},"line":4},"1":{"name":"getReservasAdmin","decl":{"start":{"line":23,"column":19},"end":{"line":23,"column":35}},"loc":{"start":{"line":23,"column":46},"end":{"line":32,"column":5}},"line":23},"2":{"name":"cancelReserva","decl":{"start":{"line":34,"column":19},"end":{"line":34,"column":32}},"loc":{"start":{"line":34,"column":43},"end":{"line":51,"column":5}},"line":34},"3":{"name":"acceptReserva","decl":{"start":{"line":53,"column":19},"end":{"line":53,"column":32}},"loc":{"start":{"line":53,"column":43},"end":{"line":72,"column":5}},"line":53}},"branchMap":{"0":{"loc":{"start":{"line":9,"column":12},"end":{"line":11,"column":13}},"type":"if","locations":[{"start":{"line":9,"column":12},"end":{"line":11,"column":13}},{"start":{},"end":{}}],"line":9},"1":{"loc":{"start":{"line":40,"column":12},"end":{"line":42,"column":13}},"type":"if","locations":[{"start":{"line":40,"column":12},"end":{"line":42,"column":13}},{"start":{},"end":{}}],"line":40},"2":{"loc":{"start":{"line":59,"column":12},"end":{"line":61,"column":13}},"type":"if","locations":[{"start":{"line":59,"column":12},"end":{"line":61,"column":13}},{"start":{},"end":{}}],"line":59}},"s":{"0":4,"1":4,"2":3,"3":3,"4":3,"5":2,"6":1,"7":1,"8":1,"9":1,"10":1,"11":2,"12":2,"13":1,"14":1,"15":1,"16":3,"17":3,"18":3,"19":2,"20":1,"21":1,"22":1,"23":1,"24":1,"25":1,"26":1,"27":1,"28":1,"29":0,"30":1,"31":1,"32":0,"33":0,"34":4},"f":{"0":3,"1":2,"2":3,"3":1},"b":{"0":[1,1],"1":[1,1],"2":[0,1]},"_coverageSchema":"1a1c01bbd47fc00a2c39e90264f33305004495a9","hash":"92cae082ff9e98fe15c523f72d6e9bd2b10aaff2"}
,"C:\\Users\\jjrui\\Desktop\\ByteSpace_4\\server\\ByteSpaceBackend\\modelos\\modelo.reserva.js": {"path":"C:\\Users\\jjrui\\Desktop\\ByteSpace_4\\server\\ByteSpaceBackend\\modelos\\modelo.reserva.js","statementMap":{"0":{"start":{"line":1,"column":17},"end":{"line":1,"column":36}},"1":{"start":{"line":3,"column":22},"end":{"line":43,"column":2}},"2":{"start":{"line":45,"column":22},"end":{"line":45,"column":62}},"3":{"start":{"line":47,"column":0},"end":{"line":47,"column":31}}},"fnMap":{},"branchMap":{},"s":{"0":4,"1":4,"2":4,"3":4},"f":{},"b":{},"_coverageSchema":"1a1c01bbd47fc00a2c39e90264f33305004495a9","hash":"002a143c310281055979f5a738d698bc1f8a3cee"}
,"C:\\Users\\jjrui\\Desktop\\ByteSpace_4\\server\\ByteSpaceBackend\\modelos\\modelo.usuario.js": {"path":"C:\\Users\\jjrui\\Desktop\\ByteSpace_4\\server\\ByteSpaceBackend\\modelos\\modelo.usuario.js","statementMap":{"0":{"start":{"line":1,"column":18},"end":{"line":1,"column":37}},"1":{"start":{"line":4,"column":4},"end":{"line":4,"column":156}},"2":{"start":{"line":5,"column":24},"end":{"line":37,"column":2}},"3":{"start":{"line":22,"column":27},"end":{"line":22,"column":63}},"4":{"start":{"line":40,"column":22},"end":{"line":40,"column":64}},"5":{"start":{"line":42,"column":0},"end":{"line":42,"column":30}}},"fnMap":{"0":{"name":"(anonymous_0)","decl":{"start":{"line":22,"column":21},"end":{"line":22,"column":22}},"loc":{"start":{"line":22,"column":27},"end":{"line":22,"column":63}},"line":22}},"branchMap":{},"s":{"0":4,"1":4,"2":4,"3":0,"4":4,"5":4},"f":{"0":0},"b":{},"_coverageSchema":"1a1c01bbd47fc00a2c39e90264f33305004495a9","hash":"4eb4a6bfc7a793b41bf7c39993df4770425b433a"}
}
