TN:
SF:controladores\controlador.reservas.js
FN:4,getReservasByUserId
FN:23,getReservasAdmin
FN:34,cancelReserva
FN:53,acceptReserva
FNF:4
FNH:4
FNDA:3,getReservasByUserId
FNDA:2,getReservasAdmin
FNDA:3,cancelReserva
FNDA:1,acceptReserva
DA:1,4
DA:2,4
DA:5,3
DA:6,3
DA:8,3
DA:9,2
DA:10,1
DA:14,1
DA:16,1
DA:18,1
DA:19,1
DA:24,2
DA:25,2
DA:27,1
DA:29,1
DA:30,1
DA:35,3
DA:36,3
DA:39,3
DA:40,2
DA:41,1
DA:45,1
DA:46,1
DA:48,1
DA:49,1
DA:54,1
DA:55,1
DA:58,1
DA:59,1
DA:60,0
DA:64,1
DA:67,1
DA:69,0
DA:70,0
DA:74,4
LF:35
LH:32
BRDA:9,0,0,1
BRDA:9,0,1,1
BRDA:40,1,0,1
BRDA:40,1,1,1
BRDA:59,2,0,0
BRDA:59,2,1,1
BRF:6
BRH:5
end_of_record
TN:
SF:modelos\modelo.reserva.js
FNF:0
FNH:0
DA:1,4
DA:3,4
DA:45,4
DA:47,4
LF:4
LH:4
BRF:0
BRH:0
end_of_record
TN:
SF:modelos\modelo.usuario.js
FN:22,(anonymous_0)
FNF:1
FNH:0
FNDA:0,(anonymous_0)
DA:1,4
DA:4,4
DA:5,4
DA:22,0
DA:40,4
DA:42,4
LF:6
LH:5
BRF:0
BRH:0
end_of_record
